<?xml version="1.0" encoding="utf-8"?><testsuites name="pytest tests"><testsuite name="pytest" errors="0" failures="0" skipped="0" tests="14" time="5.488" timestamp="2026-03-06T04:05:01.171407+00:00" hostname="agent-env-474b3c26-12a0-4777-8749-eaae8d92833c"><testcase classname="backend.tests.test_hero_slideshow.TestHeroSettingsAPI" name="test_get_hero_settings_returns_hero_images_field" time="0.509" /><testcase classname="backend.tests.test_hero_slideshow.TestHeroSettingsAPI" name="test_get_hero_settings_returns_rotation_interval_field" time="0.162" /><testcase classname="backend.tests.test_hero_slideshow.TestHeroSettingsAPI" name="test_put_hero_settings_accepts_hero_images_array" time="0.406" /><testcase classname="backend.tests.test_hero_slideshow.TestHeroSettingsAPI" name="test_put_hero_settings_accepts_rotation_interval" time="0.186" /><testcase classname="backend.tests.test_hero_slideshow.TestHeroSettingsAPI" name="test_hero_images_persists_after_update" time="0.357" /><testcase classname="backend.tests.test_hero_slideshow.TestHeroSettingsAPI" name="test_rotation_interval_persists_after_update" time="0.398" /><testcase classname="backend.tests.test_hero_slideshow.TestHeroSettingsAPI" name="test_hero_images_can_be_empty_array" time="0.176" /><testcase classname="backend.tests.test_hero_slideshow.TestHeroSettingsAPI" name="test_hero_images_max_5_images" time="1.942" /><testcase classname="backend.tests.test_hero_slideshow.TestHeroSettingsAPI" name="test_rotation_interval_default_value" time="0.179" /><testcase classname="backend.tests.test_hero_slideshow.TestHeroSettingsAPI" name="test_combined_hero_images_and_interval_update" time="0.172" /><testcase classname="backend.tests.test_hero_slideshow.TestHeroSettingsAuth" name="test_get_hero_settings_public_access" time="0.155" /><testcase classname="backend.tests.test_hero_slideshow.TestHeroSettingsAuth" name="test_put_hero_settings_requires_auth" time="0.143" /><testcase classname="backend.tests.test_hero_slideshow.TestHeroSettingsAuth" name="test_put_hero_settings_admin_can_update" time="0.212" /><testcase classname="backend.tests.test_hero_slideshow.TestHeroSettingsResponseSchema" name="test_response_contains_all_required_fields" time="0.370" /></testsuite></testsuites>