<?xml version="1.0" encoding="utf-8"?><testsuites name="pytest tests"><testsuite name="pytest" errors="0" failures="0" skipped="0" tests="9" time="2.256" timestamp="2026-03-04T07:36:22.457564+00:00" hostname="agent-env-474b3c26-12a0-4777-8749-eaae8d92833c"><testcase classname="backend.tests.test_logs_api.TestLogsAPI" name="test_get_logs_admin_success" time="0.367" /><testcase classname="backend.tests.test_logs_api.TestLogsAPI" name="test_get_logs_count_admin_success" time="0.107" /><testcase classname="backend.tests.test_logs_api.TestLogsAPI" name="test_get_logs_filter_by_category" time="0.115" /><testcase classname="backend.tests.test_logs_api.TestLogsAPI" name="test_get_logs_non_admin_forbidden" time="0.385" /><testcase classname="backend.tests.test_logs_api.TestLogsAPI" name="test_get_logs_count_non_admin_forbidden" time="0.102" /><testcase classname="backend.tests.test_logs_api.TestLogsAPI" name="test_get_logs_unauthenticated_forbidden" time="0.116" /><testcase classname="backend.tests.test_logs_api.TestLogsAPI" name="test_login_creates_log_entry" time="0.449" /><testcase classname="backend.tests.test_logs_api.TestLogsAPIDataValidation" name="test_log_entry_has_required_fields" time="0.211" /><testcase classname="backend.tests.test_logs_api.TestLogsAPIDataValidation" name="test_pagination_works" time="0.214" /></testsuite></testsuites>