<?xml version="1.0" encoding="utf-8"?><testsuites name="pytest tests"><testsuite name="pytest" errors="0" failures="0" skipped="0" tests="15" time="0.938" timestamp="2026-02-11T13:34:41.037884+00:00" hostname="agent-env-33e74858-9cdf-4728-ac7c-98d170e16fd8"><testcase classname="backend.tests.test_menu_dynamic_nav.TestMenuAPI" name="test_seed_data" time="0.072" /><testcase classname="backend.tests.test_menu_dynamic_nav.TestMenuAPI" name="test_get_menus_tree_structure" time="0.040" /><testcase classname="backend.tests.test_menu_dynamic_nav.TestMenuAPI" name="test_get_menus_has_4_top_level_items" time="0.041" /><testcase classname="backend.tests.test_menu_dynamic_nav.TestMenuAPI" name="test_corporate_identity_has_correct_children" time="0.042" /><testcase classname="backend.tests.test_menu_dynamic_nav.TestMenuAPI" name="test_communication_has_correct_children" time="0.040" /><testcase classname="backend.tests.test_menu_dynamic_nav.TestMenuAPI" name="test_get_menus_visible_only" time="0.041" /><testcase classname="backend.tests.test_menu_dynamic_nav.TestMenuAPI" name="test_get_menus_flat" time="0.079" /><testcase classname="backend.tests.test_menu_dynamic_nav.TestMenuAPI" name="test_create_top_level_menu_item" time="0.053" /><testcase classname="backend.tests.test_menu_dynamic_nav.TestMenuAPI" name="test_create_submenu_item" time="0.083" /><testcase classname="backend.tests.test_menu_dynamic_nav.TestMenuAPI" name="test_toggle_visibility" time="0.115" /><testcase classname="backend.tests.test_menu_dynamic_nav.TestMenuAPI" name="test_update_menu_item" time="0.038" /><testcase classname="backend.tests.test_menu_dynamic_nav.TestMenuAPI" name="test_delete_submenu_item" time="0.119" /><testcase classname="backend.tests.test_menu_dynamic_nav.TestMenuAPI" name="test_delete_toplevel_item" time="0.043" /><testcase classname="backend.tests.test_menu_dynamic_nav.TestMenuHierarchy" name="test_children_are_properly_nested" time="0.041" /><testcase classname="backend.tests.test_menu_dynamic_nav.TestMenuHierarchy" name="test_menu_items_ordered_correctly" time="0.037" /></testsuite></testsuites>