<?xml version="1.0" encoding="utf-8"?><testsuites name="pytest tests"><testsuite name="pytest" errors="0" failures="0" skipped="0" tests="12" time="3.272" timestamp="2026-03-06T06:17:55.533759+00:00" hostname="agent-env-15194d79-d161-4263-b6ed-f85b97d35afc"><testcase classname="backend.tests.test_navbar_transparency.TestHeroSettingsNavbarTransparency" name="test_get_hero_settings_returns_navbar_transparent_field" time="0.286" /><testcase classname="backend.tests.test_navbar_transparency.TestHeroSettingsNavbarTransparency" name="test_get_hero_settings_default_navbar_transparent_is_true" time="0.251" /><testcase classname="backend.tests.test_navbar_transparency.TestHeroSettingsNavbarTransparency" name="test_update_navbar_transparent_to_false" time="0.454" /><testcase classname="backend.tests.test_navbar_transparency.TestHeroSettingsNavbarTransparency" name="test_update_navbar_transparent_to_true" time="0.520" /><testcase classname="backend.tests.test_navbar_transparency.TestHeroSettingsImageFormat" name="test_hero_settings_has_hero_image_url" time="0.175" /><testcase classname="backend.tests.test_navbar_transparency.TestPublicPagesStillWork" name="test_corporate_philosophy_page_api" time="0.113" /><testcase classname="backend.tests.test_navbar_transparency.TestPublicPagesStillWork" name="test_news_api_accessible" time="0.169" /><testcase classname="backend.tests.test_navbar_transparency.TestPublicPagesStillWork" name="test_events_api_accessible" time="0.102" /><testcase classname="backend.tests.test_navbar_transparency.TestPublicPagesStillWork" name="test_gallery_api_accessible" time="0.106" /><testcase classname="backend.tests.test_navbar_transparency.TestCorporateOverviewRemoval" name="test_corporate_overview_not_in_menus" time="0.100" /><testcase classname="backend.tests.test_navbar_transparency.TestAdminAuthAndHeroSettingsCRUD" name="test_admin_login_works" time="0.101" /><testcase classname="backend.tests.test_navbar_transparency.TestAdminAuthAndHeroSettingsCRUD" name="test_hero_settings_crud_full_flow" time="0.827" /></testsuite></testsuites>