<?xml version="1.0" encoding="utf-8"?><testsuites name="pytest tests"><testsuite name="pytest" errors="0" failures="0" skipped="0" tests="22" time="5.764" timestamp="2026-03-05T03:49:51.872003+00:00" hostname="agent-env-474b3c26-12a0-4777-8749-eaae8d92833c"><testcase classname="backend.tests.test_permissions.TestLoginAndPermissions" name="test_admin_login_returns_user_with_role" time="0.139" /><testcase classname="backend.tests.test_permissions.TestLoginAndPermissions" name="test_editor_login_returns_permissions_array" time="0.101" /><testcase classname="backend.tests.test_permissions.TestLoginAndPermissions" name="test_viewer_login_returns_permissions_array" time="0.134" /><testcase classname="backend.tests.test_permissions.TestAuthMeEndpoint" name="test_auth_me_returns_permissions_for_editor" time="0.232" /><testcase classname="backend.tests.test_permissions.TestAuthMeEndpoint" name="test_auth_me_returns_permissions_for_viewer" time="0.215" /><testcase classname="backend.tests.test_permissions.TestEditorPermissions" name="test_editor_with_news_permission_can_post_news" time="0.351" /><testcase classname="backend.tests.test_permissions.TestEditorPermissions" name="test_editor_with_events_permission_can_post_events" time="0.351" /><testcase classname="backend.tests.test_permissions.TestEditorPermissions" name="test_editor_without_employees_permission_gets_403" time="0.223" /><testcase classname="backend.tests.test_permissions.TestEditorPermissions" name="test_editor_without_gallery_permission_gets_403_on_albums" time="0.220" /><testcase classname="backend.tests.test_permissions.TestViewerPermissions" name="test_viewer_gets_403_on_post_news" time="0.229" /><testcase classname="backend.tests.test_permissions.TestViewerPermissions" name="test_viewer_gets_403_on_post_events" time="0.223" /><testcase classname="backend.tests.test_permissions.TestViewerPermissions" name="test_viewer_gets_403_on_post_albums" time="0.238" /><testcase classname="backend.tests.test_permissions.TestViewerPermissions" name="test_viewer_gets_403_on_post_employees" time="0.247" /><testcase classname="backend.tests.test_permissions.TestViewerPermissions" name="test_viewer_gets_403_on_put_hero_settings" time="0.232" /><testcase classname="backend.tests.test_permissions.TestViewerPermissions" name="test_viewer_gets_403_on_put_ticker_settings" time="0.245" /><testcase classname="backend.tests.test_permissions.TestAdminFullAccess" name="test_admin_can_post_news" time="0.332" /><testcase classname="backend.tests.test_permissions.TestAdminFullAccess" name="test_admin_can_post_employees" time="0.318" /><testcase classname="backend.tests.test_permissions.TestAdminFullAccess" name="test_admin_can_post_albums" time="0.363" /><testcase classname="backend.tests.test_permissions.TestAdminFullAccess" name="test_admin_can_update_hero_settings" time="0.318" /><testcase classname="backend.tests.test_permissions.TestAdminFullAccess" name="test_admin_can_update_ticker_settings" time="0.232" /><testcase classname="backend.tests.test_permissions.TestUserCreationWithPermissions" name="test_admin_can_create_editor_with_specific_permissions" time="0.373" /><testcase classname="backend.tests.test_permissions.TestUserCreationWithPermissions" name="test_admin_can_create_viewer_with_specific_permissions" time="0.359" /></testsuite></testsuites>