<?xml version="1.0" encoding="utf-8"?><testsuites name="pytest tests"><testsuite name="pytest" errors="0" failures="2" skipped="0" tests="26" time="1.750" timestamp="2026-02-11T07:30:54.885209+00:00" hostname="agent-env-33e74858-9cdf-4728-ac7c-98d170e16fd8"><testcase classname="backend.tests.test_phase4_cms.TestPageManagement" name="test_get_templates" time="0.107" /><testcase classname="backend.tests.test_phase4_cms.TestPageManagement" name="test_get_pages_list" time="0.037" /><testcase classname="backend.tests.test_phase4_cms.TestPageManagement" name="test_get_published_pages_only" time="0.077" /><testcase classname="backend.tests.test_phase4_cms.TestPageManagement" name="test_create_page_with_blank_template" time="0.038" /><testcase classname="backend.tests.test_phase4_cms.TestPageManagement" name="test_create_page_with_content_template" time="0.044" /><testcase classname="backend.tests.test_phase4_cms.TestPageManagement" name="test_get_page_by_id" time="0.058" /><testcase classname="backend.tests.test_phase4_cms.TestPageManagement" name="test_update_page" time="0.058" /><testcase classname="backend.tests.test_phase4_cms.TestPageManagement" name="test_publish_unpublish_toggle" time="0.099" /><testcase classname="backend.tests.test_phase4_cms.TestPageManagement" name="test_delete_page" time="0.090" /><testcase classname="backend.tests.test_phase4_cms.TestPageManagement" name="test_duplicate_slug_rejected" time="0.050" /><testcase classname="backend.tests.test_phase4_cms.TestDynamicPageRendering" name="test_get_published_page_by_slug" time="0.033"><failure message="assert 404 == 200&#10; +  where 404 = &lt;Response [404]&gt;.status_code">backend/tests/test_phase4_cms.py:298: in test_get_published_page_by_slug
    assert response.status_code == 200
E   assert 404 == 200
E    +  where 404 = &lt;Response [404]&gt;.status_code</failure></testcase><testcase classname="backend.tests.test_phase4_cms.TestDynamicPageRendering" name="test_unpublished_page_returns_404" time="0.135" /><testcase classname="backend.tests.test_phase4_cms.TestDynamicPageRendering" name="test_nonexistent_slug_returns_404" time="0.033" /><testcase classname="backend.tests.test_phase4_cms.TestMenuManagement" name="test_get_menus_empty" time="0.063" /><testcase classname="backend.tests.test_phase4_cms.TestMenuManagement" name="test_get_menus_flat" time="0.041" /><testcase classname="backend.tests.test_phase4_cms.TestMenuManagement" name="test_create_top_level_menu_item" time="0.097" /><testcase classname="backend.tests.test_phase4_cms.TestMenuManagement" name="test_create_menu_item_with_page_link" time="0.102" /><testcase classname="backend.tests.test_phase4_cms.TestMenuManagement" name="test_create_submenu_item" time="0.064" /><testcase classname="backend.tests.test_phase4_cms.TestMenuManagement" name="test_update_menu_item" time="0.059" /><testcase classname="backend.tests.test_phase4_cms.TestMenuManagement" name="test_toggle_menu_visibility" time="0.097" /><testcase classname="backend.tests.test_phase4_cms.TestMenuManagement" name="test_delete_menu_item" time="0.053" /><testcase classname="backend.tests.test_phase4_cms.TestMenuManagement" name="test_reorder_menus" time="0.095"><failure message="assert 422 == 200&#10; +  where 422 = &lt;Response [422]&gt;.status_code">backend/tests/test_phase4_cms.py:605: in test_reorder_menus
    assert reorder_response.status_code == 200
E   assert 422 == 200
E    +  where 422 = &lt;Response [422]&gt;.status_code</failure></testcase><testcase classname="backend.tests.test_phase4_cms.TestAuthRequirements" name="test_create_page_requires_auth" time="0.033" /><testcase classname="backend.tests.test_phase4_cms.TestAuthRequirements" name="test_create_menu_requires_auth" time="0.032" /><testcase classname="backend.tests.test_phase4_cms.TestAuthRequirements" name="test_public_can_read_pages" time="0.034" /><testcase classname="backend.tests.test_phase4_cms.TestAuthRequirements" name="test_public_can_read_menus" time="0.033" /></testsuite></testsuites>