<?xml version="1.0" encoding="utf-8"?><testsuites name="pytest tests"><testsuite name="pytest" errors="0" failures="0" skipped="0" tests="26" time="2.771" timestamp="2026-02-05T05:12:20.037754+00:00" hostname="agent-env-f43c29c6-7874-48ef-9625-671c66bdffff"><testcase classname="backend.tests.test_gys_api.TestAuthAndUsers" name="test_auth_login_success" time="0.118" /><testcase classname="backend.tests.test_gys_api.TestAuthAndUsers" name="test_auth_login_invalid_credentials" time="0.062" /><testcase classname="backend.tests.test_gys_api.TestAuthAndUsers" name="test_auth_me_requires_token" time="0.086" /><testcase classname="backend.tests.test_gys_api.TestAuthAndUsers" name="test_auth_me_with_token" time="0.080" /><testcase classname="backend.tests.test_gys_api.TestAuthAndUsers" name="test_get_users_requires_admin" time="0.041" /><testcase classname="backend.tests.test_gys_api.TestAuthAndUsers" name="test_create_user_with_roles" time="0.131" /><testcase classname="backend.tests.test_gys_api.TestAuthAndUsers" name="test_update_user" time="0.044" /><testcase classname="backend.tests.test_gys_api.TestAuthAndUsers" name="test_delete_user" time="0.040" /><testcase classname="backend.tests.test_gys_api.TestNews" name="test_get_news_list" time="0.037" /><testcase classname="backend.tests.test_gys_api.TestNews" name="test_get_news_by_id" time="0.084" /><testcase classname="backend.tests.test_gys_api.TestNews" name="test_create_news_with_custom_category" time="0.110" /><testcase classname="backend.tests.test_gys_api.TestNews" name="test_update_news" time="0.115" /><testcase classname="backend.tests.test_gys_api.TestNews" name="test_delete_news" time="0.135" /><testcase classname="backend.tests.test_gys_api.TestAlbumsAndPhotos" name="test_get_albums" time="0.076" /><testcase classname="backend.tests.test_gys_api.TestAlbumsAndPhotos" name="test_create_album" time="0.048" /><testcase classname="backend.tests.test_gys_api.TestAlbumsAndPhotos" name="test_album_crud_flow" time="0.190" /><testcase classname="backend.tests.test_gys_api.TestAlbumsAndPhotos" name="test_get_photos" time="0.034" /><testcase classname="backend.tests.test_gys_api.TestAlbumsAndPhotos" name="test_create_photo_with_album" time="0.185" /><testcase classname="backend.tests.test_gys_api.TestHeroSettings" name="test_get_hero_settings" time="0.037" /><testcase classname="backend.tests.test_gys_api.TestHeroSettings" name="test_update_hero_visual_effects" time="0.161" /><testcase classname="backend.tests.test_gys_api.TestHeroSettings" name="test_update_hero_text" time="0.040" /><testcase classname="backend.tests.test_gys_api.TestEvents" name="test_get_events" time="0.038" /><testcase classname="backend.tests.test_gys_api.TestEvents" name="test_create_event_requires_auth" time="0.037" /><testcase classname="backend.tests.test_gys_api.TestEvents" name="test_create_event" time="0.152" /><testcase classname="backend.tests.test_gys_api.TestFileUpload" name="test_upload_photo_requires_auth" time="0.035" /><testcase classname="backend.tests.test_gys_api.TestFileUpload" name="test_upload_photo_success" time="0.499" /></testsuite></testsuites>